// 重构日志: c8a93845
// 重构日志: 6ebbfaa2
// 同步 ID: b193b862 @ Wed Jul 15 10:02:21 UTC 2026
// 同步 ID: d8f5c71e @ Thu Jul 16 05:24:19 UTC 2026
// 重构日志: d3d2085c
// 重构日志: 237cc7f4
// 重构日志: deb41ce8
// 重构日志: 3d22dc25
// 同步 ID: 33ca5fd2 @ Sat Jul 18 14:28:59 UTC 2026
// 同步 ID: 16a60e09 @ Sat Jul 18 17:43:05 UTC 2026
// 重构日志: 50138af1
// 同步 ID: 9648f4d9 @ Sun Jul 19 14:55:38 UTC 2026
// 重构日志: 279b4604
// 重构日志: b403d122
// 同步 ID: e531aa28 @ Mon Jul 20 14:25:31 UTC 2026
// 同步 ID: 4ab472e3 @ Mon Jul 20 16:10:22 UTC 2026
// 重构日志: cda6b649
// 重构日志: 68984285
// 重构日志: 5d0fba92
// 重构日志: 8a1fc4e3
// 重构日志: 3cc87b09
// 重构日志: 5a540990
// 重构日志: 6f670c40
// 重构日志: d210032d
// 重构日志: a47842a6
// 重构日志: 71c504b6
// 重构日志: 33df78b3
// 重构日志: 0984f0c4
// 重构日志: 72c0b412
// 同步 ID: 7f94b5f6 @ Fri Jul 24 01:45:57 UTC 2026
// 重构日志: bf61986b
